0 info it worked if it ends with ok
1 verbose cli [ '/usr/local/Cellar/node/7.7.2/bin/node',
1 verbose cli   '/usr/local/bin/npm',
1 verbose cli   'run',
1 verbose cli   'devstart' ]
2 info using npm@4.1.2
3 info using node@v7.7.2
4 verbose run-script [ 'predevstart', 'devstart', 'postdevstart' ]
5 info lifecycle planit@0.0.0~predevstart: planit@0.0.0
6 silly lifecycle planit@0.0.0~predevstart: no script for predevstart, continuing
7 info lifecycle planit@0.0.0~devstart: planit@0.0.0
8 verbose lifecycle planit@0.0.0~devstart: unsafe-perm in lifecycle true
9 verbose lifecycle planit@0.0.0~devstart: PATH: /usr/local/lib/node_modules/npm/bin/node-gyp-bin:/Users/EvelineYJ/Desktop/PlanIt/node_modules/.bin:usr/local/mysql/bin:/usr/local/bin:/usr/bin:/bin:/usr/sbin:/sbin:/opt/X11/bin:/usr/local/git/bin
10 verbose lifecycle planit@0.0.0~devstart: CWD: /Users/EvelineYJ/Desktop/PlanIt
11 silly lifecycle planit@0.0.0~devstart: Args: [ '-c', 'nodemon ./bin/www' ]
12 info lifecycle planit@0.0.0~devstart: Failed to exec devstart script
13 verbose stack Error: planit@0.0.0 devstart: `nodemon ./bin/www`
13 verbose stack spawn ENOENT
13 verbose stack     at ChildProcess.<anonymous> (/usr/local/lib/node_modules/npm/lib/utils/spawn.js:33:16)
13 verbose stack     at emitTwo (events.js:106:13)
13 verbose stack     at ChildProcess.emit (events.js:194:7)
13 verbose stack     at maybeClose (internal/child_process.js:899:16)
13 verbose stack     at Process.ChildProcess._handle.onexit (internal/child_process.js:226:5)
14 verbose pkgid planit@0.0.0
15 verbose cwd /Users/EvelineYJ/Desktop/PlanIt
16 error Darwin 16.1.0
17 error argv "/usr/local/Cellar/node/7.7.2/bin/node" "/usr/local/bin/npm" "run" "devstart"
18 error node v7.7.2
19 error npm  v4.1.2
20 error file sh
21 error code ELIFECYCLE
22 error errno ENOENT
23 error syscall spawn
24 error planit@0.0.0 devstart: `nodemon ./bin/www`
24 error spawn ENOENT
25 error Failed at the planit@0.0.0 devstart script 'nodemon ./bin/www'.
25 error Make sure you have the latest version of node.js and npm installed.
25 error If you do, this is most likely a problem with the planit package,
25 error not with npm itself.
25 error Tell the author that this fails on your system:
25 error     nodemon ./bin/www
25 error You can get information on how to open an issue for this project with:
25 error     npm bugs planit
25 error Or if that isn't available, you can get their info via:
25 error     npm owner ls planit
25 error There is likely additional logging output above.
26 verbose exit [ 1, true ]
